02-07-2024 00:27 - Identification - plm
02-07-2024 09:04 - Identification - marie.regy
02-07-2024 09:04 - Identification - marie.regy
02-07-2024 09:04 - Identification - plm
02-07-2024 09:27 - Identification - plm
02-07-2024 09:27 - Identification - plm
02-07-2024 09:45 - Identification - marie.regy
02-07-2024 09:45 - Identification - marie.regy
02-07-2024 11:16 - Identification - gaetan.azema
02-07-2024 11:16 - Identification - gaetan.azema
02-07-2024 12:13 - Identification - cendrine
02-07-2024 12:13 - Identification - cendrine
02-07-2024 15:55 - Identification - gaetan.azema
02-07-2024 16:22 - Identification - test
02-07-2024 17:23 - Identification - plm
02-07-2024 17:23 - Identification - plm
02-07-2024 17:24 - Identification - plm
02-07-2024 17:24 - Identification - plm
02-07-2024 18:26 - Identification - gaetan.azema
02-07-2024 18:26 - Identification - gaetan.azema
02-07-2024 20:50 - Identification - marie.regy
02-07-2024 20:50 - Identification - marie.regy
